<?xml version="1.0" encoding="UTF-8"?>
<!-- Generated by org.testng.reporters.JUnitReportReporter -->
<testsuite hostname="KhaledaMalek" failures="0" tests="1" name="testing_build.GitTest" time="11.028" errors="0" timestamp="2024-01-30T23:21:44 CST" skipped="0">
  <testcase classname="testing_build.GitTest" name="testLogin" time="11.028"/>
  <system-out/>
</testsuite> <!-- testing_build.GitTest -->
