<?xml version="1.0" encoding="UTF-8"?>
<!-- Generated by org.testng.reporters.JUnitReportReporter -->
<testsuite hostname="KhaledaMalek" failures="0" tests="1" name="testing_build.LearingBuild" time="21.680" errors="0" timestamp="2024-01-29T21:19:04 CST" skipped="0">
  <testcase classname="testing_build.LearingBuild" name="testLogin" time="21.680"/>
  <system-out/>
</testsuite> <!-- testing_build.LearingBuild -->
