<?xml version="1.0" encoding="UTF-8"?>
<!-- Generated by org.testng.reporters.JUnitReportReporter -->
<testsuite hostname="KhaledaMalek" failures="0" tests="1" name="testing_build.GitTest" time="12.924" errors="0" timestamp="2024-01-31T10:37:16 CST" skipped="0">
  <testcase classname="testing_build.GitTest" name="testLogin" time="12.924"/>
  <system-out/>
</testsuite> <!-- testing_build.GitTest -->
